<?xml version="1.0" encoding="utf-8"?><testsuites name="pytest tests"><testsuite name="pytest" errors="0" failures="0" skipped="0" tests="6" time="2.617" timestamp="2026-06-10T14:44:57.023229+00:00" hostname="agent-env-4afcdafa-be83-48c2-993a-d3b634be00bd"><testcase classname="backend.tests.backend_test.TestHealth" name="test_root" time="0.235" /><testcase classname="backend.tests.backend_test.TestStatus" name="test_post_and_get_status" time="0.119" /><testcase classname="backend.tests.backend_test.TestGitHub" name="test_github_profile_octocat" time="0.423" /><testcase classname="backend.tests.backend_test.TestGitHub" name="test_github_profile_default" time="0.288" /><testcase classname="backend.tests.backend_test.TestChat" name="test_chat_simple_reply" time="1.332" /><testcase classname="backend.tests.backend_test.TestContact" name="test_contact_submit" time="0.057" /></testsuite></testsuites>